2023-05-01 13:38:17:588 [Appium] Welcome to Appium v2.0.0-beta.53
2023-05-01 13:38:17:593 [Appium] Non-default server args:
2023-05-01 13:38:17:596 [Appium] { port: 4724, sessionOverride: true }
2023-05-01 13:38:17:596 [Appium] Attempting to load driver xcuitest...
2023-05-01 13:38:17:599 [Appium] Requiring driver at /Users/nikhilkumargupta/.appium/node_modules/appium-xcuitest-driver
2023-05-01 13:38:18:577 [Appium] Attempting to load driver uiautomator2...
2023-05-01 13:38:18:579 [Appium] Requiring driver at /Users/nikhilkumargupta/.appium/node_modules/appium-uiautomator2-driver
2023-05-01 13:38:19:470 [Appium] Appium REST http interface listener started on 0.0.0.0:4724
2023-05-01 13:38:19:471 [Appium] Available drivers:
2023-05-01 13:38:19:473 [Appium]   - xcuitest@4.16.10 (automationName 'XCUITest')
2023-05-01 13:38:19:473 [Appium]   - uiautomator2@2.12.3 (automationName 'UiAutomator2')
2023-05-01 13:38:19:476 [Appium] No plugins have been installed. Use the "appium plugin" command to install the one(s) you want to use.
2023-05-01 13:38:19:804 [HTTP] --> GET /status
2023-05-01 13:38:19:806 [HTTP] {}
2023-05-01 13:38:19:809 [AppiumDriver@9f6d] Calling AppiumDriver.getStatus() with args: []
2023-05-01 13:38:19:816 [AppiumDriver@9f6d] Responding to client with driver.getStatus() result: {"build":{"version":"2.0.0-beta.53"}}
2023-05-01 13:38:19:828 [HTTP] <-- GET /status 200 23 ms - 47
2023-05-01 13:38:19:829 [HTTP] 
2023-05-01 13:38:19:842 [HTTP] --> GET /status
2023-05-01 13:38:19:844 [HTTP] {}
2023-05-01 13:38:19:846 [AppiumDriver@9f6d] Calling AppiumDriver.getStatus() with args: []
2023-05-01 13:38:19:850 [AppiumDriver@9f6d] Responding to client with driver.getStatus() result: {"build":{"version":"2.0.0-beta.53"}}
2023-05-01 13:38:19:855 [HTTP] <-- GET /status 200 13 ms - 47
2023-05-01 13:38:19:856 [HTTP] 
2023-05-01 13:38:20:420 [HTTP] Request idempotency key: 9bd33534-2e46-48de-88c6-f68f1b7fc280
2023-05-01 13:38:20:448 [HTTP] --> POST /session
2023-05-01 13:38:20:448 [HTTP] {"capabilities":{"firstMatch":[{}],"alwaysMatch":{"appium:automationName":"XCUITest","appium:bundleId":"com.saucelabs.SwagLabsMobileApp","appium:deviceName":"iPhone 14","appium:platformVersion":"16.1","appium:udid":"82DC5A28-2F0B-4069-9597-C85F2219BBDD","appium:wdaLocalPort":"10002","appium:webkitDebugProxyPort":"11002","platformName":"IOS"}}}
2023-05-01 13:38:20:449 [AppiumDriver@9f6d] Calling AppiumDriver.createSession() with args: [null,null,{"firstMatch":[{}],"alwaysMatch":{"appium:automationName":"XCUITest","appium:bundleId":"com.saucelabs.SwagLabsMobileApp","appium:deviceName":"iPhone 14","appium:platformVersion":"16.1","appium:udid":"82DC5A28-2F0B-4069-9597-C85F2219BBDD","appium:wdaLocalPort":"10002","appium:webkitDebugProxyPort":"11002","platformName":"IOS"}}]
2023-05-01 13:38:20:450 [AppiumDriver@9f6d] Event 'newSessionRequested' logged at 1682948300450 (19:08:20 GMT+0530 (India Standard Time))
2023-05-01 13:38:20:457 [Appium] Attempting to find matching driver for automationName 'XCUITest' and platformName 'IOS'
2023-05-01 13:38:20:458 [Appium] The 'xcuitest' driver was installed and matched caps.
2023-05-01 13:38:20:458 [Appium] Will require it at /Users/nikhilkumargupta/.appium/node_modules/appium-xcuitest-driver
2023-05-01 13:38:20:458 [Appium] Requiring driver at /Users/nikhilkumargupta/.appium/node_modules/appium-xcuitest-driver
2023-05-01 13:38:20:458 [AppiumDriver@9f6d] Appium v2.0.0-beta.53 creating new XCUITestDriver (v4.16.10) session
2023-05-01 13:38:20:459 [AppiumDriver@9f6d] Checking BaseDriver versions for Appium and XCUITestDriver
2023-05-01 13:38:20:459 [AppiumDriver@9f6d] Appium's BaseDriver version is 9.3.0
2023-05-01 13:38:20:461 [AppiumDriver@9f6d] XCUITestDriver's BaseDriver version is 9.3.0
2023-05-01 13:38:20:461 [AppiumDriver@9f6d] There are no active sessions for cleanup
2023-05-01 13:38:20:464 [XCUITestDriver@e9d5] Creating session with W3C capabilities: {
2023-05-01 13:38:20:464 [XCUITestDriver@e9d5]   "alwaysMatch": {
2023-05-01 13:38:20:464 [XCUITestDriver@e9d5]     "platformName": "IOS",
2023-05-01 13:38:20:465 [XCUITestDriver@e9d5]     "appium:automationName": "XCUITest",
2023-05-01 13:38:20:465 [XCUITestDriver@e9d5]     "appium:bundleId": "com.saucelabs.SwagLabsMobileApp",
2023-05-01 13:38:20:465 [XCUITestDriver@e9d5]     "appium:deviceName": "iPhone 14",
2023-05-01 13:38:20:465 [XCUITestDriver@e9d5]     "appium:platformVersion": "16.1",
2023-05-01 13:38:20:465 [XCUITestDriver@e9d5]     "appium:udid": "82DC5A28-2F0B-4069-9597-C85F2219BBDD",
2023-05-01 13:38:20:465 [XCUITestDriver@e9d5]     "appium:wdaLocalPort": "10002",
2023-05-01 13:38:20:465 [XCUITestDriver@e9d5]     "appium:webkitDebugProxyPort": "11002"
2023-05-01 13:38:20:465 [XCUITestDriver@e9d5]   },
2023-05-01 13:38:20:465 [XCUITestDriver@e9d5]   "firstMatch": [
2023-05-01 13:38:20:465 [XCUITestDriver@e9d5]     {}
2023-05-01 13:38:20:465 [XCUITestDriver@e9d5]   ]
2023-05-01 13:38:20:465 [XCUITestDriver@e9d5] }
2023-05-01 13:38:20:470 [BaseDriver] Number capability passed in as string. Functionality may be compromised.
2023-05-01 13:38:20:482 [XCUITestDriver@e9d5] Capability 'wdaLocalPort' changed from string ('10002') to integer (10002). This may cause unexpected behavior
2023-05-01 13:38:20:497 [XCUITestDriver@e9d5] The following capabilities were provided, but are not recognized by Appium:
2023-05-01 13:38:20:498 [XCUITestDriver@e9d5]   webkitDebugProxyPort
2023-05-01 13:38:20:505 [XCUITestDriver@e9d5 (11b4eb75)] Session created with session id: 11b4eb75-7c2e-4f20-8231-88dc1a8023b1
2023-05-01 13:38:20:579 [XCUITest] Current user: 'nikhilkumargupta'
2023-05-01 13:38:20:599 [XCUITestDriver@e9d5 (11b4eb75)] Available devices: 
2023-05-01 13:38:20:599 [XCUITestDriver@e9d5 (11b4eb75)] No real device with udid '82DC5A28-2F0B-4069-9597-C85F2219BBDD'. Looking for simulator
2023-05-01 13:38:21:458 [iOSSim] Constructing iOS simulator for Xcode version 14.1 with udid '82DC5A28-2F0B-4069-9597-C85F2219BBDD'
2023-05-01 13:38:21:459 [XCUITestDriver@e9d5 (11b4eb75)] Determining device to run tests on: udid: '82DC5A28-2F0B-4069-9597-C85F2219BBDD', real device: false
2023-05-01 13:38:21:464 [XCUITestDriver@e9d5 (11b4eb75)] Event 'xcodeDetailsRetrieved' logged at 1682948301464 (19:08:21 GMT+0530 (India Standard Time))
2023-05-01 13:38:21:465 [XCUITestDriver@e9d5 (11b4eb75)] Event 'appConfigured' logged at 1682948301465 (19:08:21 GMT+0530 (India Standard Time))
2023-05-01 13:38:21:465 [XCUITestDriver@e9d5 (11b4eb75)] Event 'resetStarted' logged at 1682948301465 (19:08:21 GMT+0530 (India Standard Time))
2023-05-01 13:38:22:466 [iOSSim] Found 0 com.saucelabs.SwagLabsMobileApp app files to scrub
2023-05-01 13:38:22:466 [XCUITestDriver@e9d5 (11b4eb75)] Event 'resetComplete' logged at 1682948302466 (19:08:22 GMT+0530 (India Standard Time))
2023-05-01 13:38:22:467 [XCUITestDriver@e9d5 (11b4eb75)] Using WDA path: '/Users/nikhilkumargupta/.appium/node_modules/appium-xcuitest-driver/node_modules/appium-webdriveragent'
2023-05-01 13:38:22:467 [XCUITestDriver@e9d5 (11b4eb75)] Using WDA agent: '/Users/nikhilkumargupta/.appium/node_modules/appium-xcuitest-driver/node_modules/appium-webdriveragent/WebDriverAgent.xcodeproj'
2023-05-01 13:38:22:666 [IOSSimulatorLog] Starting log capture for iOS Simulator with udid '82DC5A28-2F0B-4069-9597-C85F2219BBDD' using simctl
2023-05-01 13:38:23:061 [XCUITestDriver@e9d5 (11b4eb75)] Event 'logCaptureStarted' logged at 1682948303057 (19:08:23 GMT+0530 (India Standard Time))
2023-05-01 13:38:23:062 [XCUITestDriver@e9d5 (11b4eb75)] Setting up simulator
2023-05-01 13:38:23:064 [iOSSim] Setting preferences of 82DC5A28-2F0B-4069-9597-C85F2219BBDD Simulator to {"ConnectHardwareKeyboard":false}
2023-05-01 13:38:23:064 [iOSSim] Setting common Simulator preferences to {"RotateWindowWhenSignaledByGuest":true,"StartLastDeviceOnLaunch":false,"DetachOnWindowClose":false,"AttachBootedOnStart":true,"ConnectHardwareKeyboard":false,"PasteboardAutomaticSync":false}
2023-05-01 13:38:23:650 [iOSSim] Updated 82DC5A28-2F0B-4069-9597-C85F2219BBDD Simulator preferences at '/Users/nikhilkumargupta/Library/Preferences/com.apple.iphonesimulator.plist' with {"RotateWindowWhenSignaledByGuest":true,"StartLastDeviceOnLaunch":false,"DetachOnWindowClose":false,"AttachBootedOnStart":true,"ConnectHardwareKeyboard":false,"PasteboardAutomaticSync":false,"DevicePreferences":{"82DC5A28-2F0B-4069-9597-C85F2219BBDD":{"ConnectHardwareKeyboard":false,"SimulatorExternalDisplay":2114,"ChromeTint":"","SimulatorWindowGeometry":{"974E164C-3481-4B05-A5F1-0A2F957411A4":{"WindowCenter":"{865.5, 388}","WindowScale":0.6599099099099099}},"SimulatorWindowRotationAngle":0,"SimulatorWindowOrientation":"Portrait"}}}
2023-05-01 13:38:23:925 [iOSSim] Got Simulator UI client PID: 20123
2023-05-01 13:38:23:925 [iOSSim] Both Simulator with UDID '82DC5A28-2F0B-4069-9597-C85F2219BBDD' and the UI client are currently running
2023-05-01 13:38:23:931 [XCUITestDriver@e9d5 (11b4eb75)] Event 'simStarted' logged at 1682948303930 (19:08:23 GMT+0530 (India Standard Time))
2023-05-01 13:38:24:299 [XCUITestDriver@e9d5 (11b4eb75)] No obsolete cached processes from previous WDA sessions listening on port 10002 have been found
2023-05-01 13:38:24:300 [DevCon Factory] Requesting connection for device 82DC5A28-2F0B-4069-9597-C85F2219BBDD on local port 10002
2023-05-01 13:38:24:300 [DevCon Factory] Cached connections count: 0
2023-05-01 13:38:24:300 [DevCon Factory] Successfully requested the connection for 82DC5A28-2F0B-4069-9597-C85F2219BBDD:10002
2023-05-01 13:38:36:109 [XCUITestDriver@e9d5 (11b4eb75)] Parsed BUILD_DIR configuration value: '/Users/nikhilkumargupta/Library/Developer/Xcode/DerivedData/WebDriverAgent-dsnktxbjphhbgecvpslsnatznadg/Build/Products'
2023-05-01 13:38:36:111 [XCUITestDriver@e9d5 (11b4eb75)] Got derived data root: '/Users/nikhilkumargupta/Library/Developer/Xcode/DerivedData/WebDriverAgent-dsnktxbjphhbgecvpslsnatznadg'
2023-05-01 13:38:36:111 [XCUITestDriver@e9d5 (11b4eb75)] Starting WebDriverAgent initialization with the synchronization key '/Users/nikhilkumargupta/Library/Developer/Xcode/DerivedData/WebDriverAgent-dsnktxbjphhbgecvpslsnatznadg'
2023-05-01 13:38:36:118 [WD Proxy] Matched '/status' to command name 'getStatus'
2023-05-01 13:38:36:119 [WD Proxy] Proxying [GET /status] to [GET http://127.0.0.1:10002/status] with no body
2023-05-01 13:38:36:175 [WD Proxy] Got response with status 200: {"value":{"message":"WebDriverAgent is ready to accept commands","state":"success","os":{"testmanagerdVersion":28,"name":"iOS","sdkVersion":"16.1","version":"16.1"},"ios":{"simulatorVersion":"16.1","ip":"192.168.1.2"},"ready":true,"build":{"upgradedAt":"1675333916643","time":"Mar 25 2023 11:14:35","productBundleIdentifier":"com.facebook.WebDriverAgentRunner"}},"sessionId":"1E1CEDD5-4F9C-4C57-8AB2-E824D9BB4C29"}
2023-05-01 13:38:36:180 [XCUITestDriver@e9d5 (11b4eb75)] Upgrade timestamp of the currently bundled WDA: 1675333916643
2023-05-01 13:38:36:181 [XCUITestDriver@e9d5 (11b4eb75)] Upgrade timestamp of the WDA on the device: 1675333916643
2023-05-01 13:38:36:181 [XCUITestDriver@e9d5 (11b4eb75)] Will reuse previously cached WDA instance at 'http://127.0.0.1:10002/' with 'com.facebook.WebDriverAgentRunner'. Set the wdaLocalPort capability to a value different from 10002 if this is an undesired behavior.
2023-05-01 13:38:36:181 [XCUITestDriver@e9d5 (11b4eb75)] Trying to start WebDriverAgent 2 times with 10000ms interval
2023-05-01 13:38:36:181 [XCUITestDriver@e9d5 (11b4eb75)] These values can be customized by changing wdaStartupRetries/wdaStartupRetryInterval capabilities
2023-05-01 13:38:36:181 [XCUITestDriver@e9d5 (11b4eb75)] Event 'wdaStartAttempted' logged at 1682948316181 (19:08:36 GMT+0530 (India Standard Time))
2023-05-01 13:38:36:181 [XCUITestDriver@e9d5 (11b4eb75)] Using provided WebdriverAgent at 'http://127.0.0.1:10002/'
2023-05-01 13:38:36:187 [WD Proxy] Matched '/status' to command name 'getStatus'
2023-05-01 13:38:36:188 [WD Proxy] Proxying [GET /status] to [GET http://127.0.0.1:10002/status] with no body
2023-05-01 13:38:36:196 [WD Proxy] Got response with status 200: {"value":{"message":"WebDriverAgent is ready to accept commands","state":"success","os":{"testmanagerdVersion":28,"name":"iOS","sdkVersion":"16.1","version":"16.1"},"ios":{"simulatorVersion":"16.1","ip":"192.168.1.2"},"ready":true,"build":{"upgradedAt":"1675333916643","time":"Mar 25 2023 11:14:35","productBundleIdentifier":"com.facebook.WebDriverAgentRunner"}},"sessionId":"1E1CEDD5-4F9C-4C57-8AB2-E824D9BB4C29"}
2023-05-01 13:38:36:197 [XCUITestDriver@e9d5 (11b4eb75)] Event 'wdaSessionAttempted' logged at 1682948316197 (19:08:36 GMT+0530 (India Standard Time))
2023-05-01 13:38:36:198 [XCUITestDriver@e9d5 (11b4eb75)] Sending createSession command to WDA
2023-05-01 13:38:36:200 [XCUITestDriver@e9d5 (11b4eb75)] Matched '/session' to command name 'createSession'
2023-05-01 13:38:36:201 [XCUITestDriver@e9d5 (11b4eb75)] Proxying [POST /session] to [POST http://127.0.0.1:10002/session] with body: {"capabilities":{"firstMatch":[{"bundleId":"com.saucelabs.SwagLabsMobileApp","arguments":[],"environment":{},"eventloopIdleDelaySec":0,"shouldWaitForQuiescence":true,"shouldUseTestManagerForVisibilityDetection":false,"maxTypingFrequency":60,"shouldUseSingletonTestManager":true,"shouldTerminateApp":true,"forceAppLaunch":true,"useNativeCachingStrategy":true,"forceSimulatorSoftwareKeyboardPresence":true}],"alwaysMatch":{}}}
2023-05-01 13:38:38:203 [XCUITestDriver@e9d5 (11b4eb75)] Got response with status 200: {"value":{"sessionId":"411EDCDE-CB44-4EC0-BD9D-A883C7F745E5","capabilities":{"device":"iphone","browserName":"SwagLabsMobileApp","sdkVersion":"16.1","CFBundleIdentifier":"com.saucelabs.SwagLabsMobileApp"}},"sessionId":"411EDCDE-CB44-4EC0-BD9D-A883C7F745E5"}
2023-05-01 13:38:38:203 [XCUITestDriver@e9d5 (11b4eb75)] Determined the downstream protocol as 'W3C'
2023-05-01 13:38:38:204 [XCUITestDriver@e9d5 (11b4eb75)] Event 'wdaSessionStarted' logged at 1682948318204 (19:08:38 GMT+0530 (India Standard Time))
2023-05-01 13:38:38:207 [XCUITestDriver@e9d5 (11b4eb75)] Event 'wdaStarted' logged at 1682948318205 (19:08:38 GMT+0530 (India Standard Time))
2023-05-01 13:38:38:209 [BaseDriver] The value of 'elementResponseAttributes' setting did not change. Skipping the update for it
2023-05-01 13:38:38:210 [BaseDriver] The value of 'shouldUseCompactResponses' setting did not change. Skipping the update for it
2023-05-01 13:38:38:212 [AppiumDriver@9f6d] New XCUITestDriver session created successfully, session 11b4eb75-7c2e-4f20-8231-88dc1a8023b1 added to master session list
2023-05-01 13:38:38:217 [AppiumDriver@9f6d] Event 'newSessionStarted' logged at 1682948318216 (19:08:38 GMT+0530 (India Standard Time))
2023-05-01 13:38:38:218 [XCUITestDriver@e9d5 (11b4eb75)] Cached the protocol value 'W3C' for the new session 11b4eb75-7c2e-4f20-8231-88dc1a8023b1
2023-05-01 13:38:38:220 [XCUITestDriver@e9d5 (11b4eb75)] Responding to client with driver.createSession() result: {"capabilities":{"webStorageEnabled":false,"locationContextEnabled":false,"browserName":"","platform":"MAC","javascriptEnabled":true,"databaseEnabled":false,"takesScreenshot":true,"networkConnectionEnabled":false,"platformName":"IOS","automationName":"XCUITest","bundleId":"com.saucelabs.SwagLabsMobileApp","deviceName":"iPhone 14","platformVersion":"16.1","udid":"82DC5A28-2F0B-4069-9597-C85F2219BBDD","wdaLocalPort":10002,"webkitDebugProxyPort":"11002"}}
2023-05-01 13:38:38:227 [HTTP] <-- POST /session 200 17778 ms - 517
2023-05-01 13:38:38:227 [HTTP] 
2023-05-01 13:38:38:333 [HTTP] --> POST /session/11b4eb75-7c2e-4f20-8231-88dc1a8023b1/appium/stop_recording_screen
2023-05-01 13:38:38:333 [HTTP] {}
2023-05-01 13:38:38:342 [XCUITestDriver@e9d5 (11b4eb75)] Calling AppiumDriver.stopRecordingScreen() with args: [null,"11b4eb75-7c2e-4f20-8231-88dc1a8023b1"]
2023-05-01 13:38:38:342 [XCUITestDriver@e9d5 (11b4eb75)] Executing command 'stopRecordingScreen'
2023-05-01 13:38:38:343 [XCUITestDriver@e9d5 (11b4eb75)] Screen recording is not running. There is nothing to stop.
2023-05-01 13:38:38:344 [XCUITestDriver@e9d5 (11b4eb75)] Responding to client with driver.stopRecordingScreen() result: ""
2023-05-01 13:38:38:345 [HTTP] <-- POST /session/11b4eb75-7c2e-4f20-8231-88dc1a8023b1/appium/stop_recording_screen 200 12 ms - 12
2023-05-01 13:38:38:345 [HTTP] 
2023-05-01 13:38:38:350 [HTTP] --> POST /session/11b4eb75-7c2e-4f20-8231-88dc1a8023b1/appium/start_recording_screen
2023-05-01 13:38:38:350 [HTTP] {}
2023-05-01 13:38:38:368 [XCUITestDriver@e9d5 (11b4eb75)] Calling AppiumDriver.startRecordingScreen() with args: [null,"11b4eb75-7c2e-4f20-8231-88dc1a8023b1"]
2023-05-01 13:38:38:369 [XCUITestDriver@e9d5 (11b4eb75)] Executing command 'startRecordingScreen'
2023-05-01 13:38:38:370 [XCUITestDriver@e9d5 (11b4eb75)] Checking if there is/was a previous screen recording. Set 'forceRestart' option to 'true' if you'd like to skip this step.
2023-05-01 13:38:38:370 [XCUITestDriver@e9d5 (11b4eb75)] Screen recording is not running. There is nothing to stop.
2023-05-01 13:38:38:373 [DevCon Factory] Releasing connections for 82DC5A28-2F0B-4069-9597-C85F2219BBDD device on 9100 port number
2023-05-01 13:38:38:373 [DevCon Factory] No cached connections have been found
2023-05-01 13:38:38:464 [XCUITestDriver@e9d5 (11b4eb75)] Matched '/appium/settings' to command name 'getSettings'
2023-05-01 13:38:38:466 [XCUITestDriver@e9d5 (11b4eb75)] Proxying [GET /appium/settings] to [GET http://127.0.0.1:10002/session/411EDCDE-CB44-4EC0-BD9D-A883C7F745E5/appium/settings] with no body
2023-05-01 13:38:38:489 [XCUITestDriver@e9d5 (11b4eb75)] Got response with status 200: {"value":{"boundElementsByIndex":false,"mjpegServerFramerate":10,"screenshotOrientation":"auto","reduceMotion":false,"elementResponseAttributes":"type,label","screenshotQuality":1,"mjpegScalingFactor":100,"keyboardPrediction":0,"defaultActiveApplication":"auto","mjpegServerScreenshotQuality":25,"defaultAlertAction":"","keyboardAutocorrection":0,"useFirstMatch":false,"shouldUseCompactResponses":true,"customSnapshotTimeout":15,"dismissAlertButtonSelector":"","activeAppDetectionPoint":"64.00,64.00","snapshotMaxDepth":50,"waitForIdleTimeout":10,"includeNonModalElements":false,"acceptAlertButtonSelector":"","animationCoolOffTimeout":2},"sessionId":"411EDCDE-CB44-4EC0-BD9D-A883C7F745E5"}
2023-05-01 13:38:38:492 [DevCon Factory] Requesting connection for device 82DC5A28-2F0B-4069-9597-C85F2219BBDD on local port 9100, device port 9100
2023-05-01 13:38:38:492 [DevCon Factory] Cached connections count: 1
2023-05-01 13:38:38:492 [DevCon Factory] Successfully requested the connection for 82DC5A28-2F0B-4069-9597-C85F2219BBDD:9100
2023-05-01 13:38:43:512 [XCUITestDriver@e9d5 (11b4eb75)] Screen capture process did not start within 5000ms. Continuing anyway
2023-05-01 13:38:43:513 [XCUITestDriver@e9d5 (11b4eb75)] Starting screen capture on the device '82DC5A28-2F0B-4069-9597-C85F2219BBDD' with command: 'ffmpeg -f mjpeg -reconnect 1 -reconnect_at_eof 1 -reconnect_streamed 1 -reconnect_delay_max 181 -i http://127.0.0.1:9100 -vcodec mjpeg -y /var/folders/5m/dpmm6c5d64jddlh2r5tn7_nh0000gp/T/202341-36413-150c8j8.7inj/appium_02b645.mp4'. Will timeout in 180000ms
2023-05-01 13:38:43:516 [XCUITestDriver@e9d5 (11b4eb75)] Responding to client with driver.startRecordingScreen() result: ""
2023-05-01 13:38:43:519 [HTTP] <-- POST /session/11b4eb75-7c2e-4f20-8231-88dc1a8023b1/appium/start_recording_screen 200 5168 ms - 12
2023-05-01 13:38:43:520 [HTTP] 
2023-05-01 13:38:43:601 [HTTP] --> GET /session/11b4eb75-7c2e-4f20-8231-88dc1a8023b1/context
2023-05-01 13:38:43:601 [HTTP] {}
2023-05-01 13:38:43:612 [XCUITestDriver@e9d5 (11b4eb75)] Calling AppiumDriver.getCurrentContext() with args: ["11b4eb75-7c2e-4f20-8231-88dc1a8023b1"]
2023-05-01 13:38:43:613 [XCUITestDriver@e9d5 (11b4eb75)] Executing command 'getCurrentContext'
2023-05-01 13:38:43:614 [XCUITestDriver@e9d5 (11b4eb75)] Responding to client with driver.getCurrentContext() result: "NATIVE_APP"
2023-05-01 13:38:43:616 [HTTP] <-- GET /session/11b4eb75-7c2e-4f20-8231-88dc1a8023b1/context 200 14 ms - 22
2023-05-01 13:38:43:616 [HTTP] 
2023-05-01 13:38:43:625 [HTTP] --> POST /session/11b4eb75-7c2e-4f20-8231-88dc1a8023b1/element
2023-05-01 13:38:43:625 [HTTP] {"using":"accessibility id","value":"test-Username"}
2023-05-01 13:38:43:626 [XCUITestDriver@e9d5 (11b4eb75)] Calling AppiumDriver.findElement() with args: ["accessibility id","test-Username","11b4eb75-7c2e-4f20-8231-88dc1a8023b1"]
2023-05-01 13:38:43:626 [XCUITestDriver@e9d5 (11b4eb75)] Executing command 'findElement'
2023-05-01 13:38:43:627 [XCUITestDriver@e9d5 (11b4eb75)] Valid locator strategies for this request: xpath, id, name, class name, -ios predicate string, -ios class chain, accessibility id, css selector
2023-05-01 13:38:43:628 [XCUITestDriver@e9d5 (11b4eb75)] Waiting up to 0 ms for condition
2023-05-01 13:38:43:634 [XCUITestDriver@e9d5 (11b4eb75)] Matched '/element' to command name 'findElement'
2023-05-01 13:38:43:635 [XCUITestDriver@e9d5 (11b4eb75)] Proxying [POST /element] to [POST http://127.0.0.1:10002/session/411EDCDE-CB44-4EC0-BD9D-A883C7F745E5/element] with body: {"using":"accessibility id","value":"test-Username"}
2023-05-01 13:38:43:837 [XCUITestDriver@e9d5 (11b4eb75)] Got response with status 200: {"value":{"ELEMENT":"47000000-0000-0000-B18E-000000000000","element-6066-11e4-a52e-4f735466cecf":"47000000-0000-0000-B18E-000000000000"},"sessionId":"411EDCDE-CB44-4EC0-BD9D-A883C7F745E5"}
2023-05-01 13:38:43:838 [XCUITestDriver@e9d5 (11b4eb75)] Responding to client with driver.findElement() result: {"element-6066-11e4-a52e-4f735466cecf":"47000000-0000-0000-B18E-000000000000","ELEMENT":"47000000-0000-0000-B18E-000000000000"}
2023-05-01 13:38:43:839 [HTTP] <-- POST /session/11b4eb75-7c2e-4f20-8231-88dc1a8023b1/element 200 214 ms - 137
2023-05-01 13:38:43:839 [HTTP] 
2023-05-01 13:38:43:847 [HTTP] --> GET /session/11b4eb75-7c2e-4f20-8231-88dc1a8023b1/element/47000000-0000-0000-B18E-000000000000/displayed
2023-05-01 13:38:43:847 [HTTP] {}
2023-05-01 13:38:43:849 [XCUITestDriver@e9d5 (11b4eb75)] Driver proxy active, passing request on via HTTP proxy
2023-05-01 13:38:43:849 [XCUITestDriver@e9d5 (11b4eb75)] Executing command 'proxyReqRes'
2023-05-01 13:38:43:853 [XCUITestDriver@e9d5 (11b4eb75)] Matched '/session/11b4eb75-7c2e-4f20-8231-88dc1a8023b1/element/47000000-0000-0000-B18E-000000000000/displayed' to command name 'elementDisplayed'
2023-05-01 13:38:43:853 [XCUITestDriver@e9d5 (11b4eb75)] Proxying [GET /session/11b4eb75-7c2e-4f20-8231-88dc1a8023b1/element/47000000-0000-0000-B18E-000000000000/displayed] to [GET http://127.0.0.1:10002/session/411EDCDE-CB44-4EC0-BD9D-A883C7F745E5/element/47000000-0000-0000-B18E-000000000000/displayed] with no body
2023-05-01 13:38:43:953 [XCUITestDriver@e9d5 (11b4eb75)] Got response with status 200: {"value":true,"sessionId":"411EDCDE-CB44-4EC0-BD9D-A883C7F745E5"}
2023-05-01 13:38:43:954 [XCUITestDriver@e9d5 (11b4eb75)] Replacing sessionId 411EDCDE-CB44-4EC0-BD9D-A883C7F745E5 with 11b4eb75-7c2e-4f20-8231-88dc1a8023b1
2023-05-01 13:38:43:957 [HTTP] <-- GET /session/11b4eb75-7c2e-4f20-8231-88dc1a8023b1/element/47000000-0000-0000-B18E-000000000000/displayed 200 109 ms - 65
2023-05-01 13:38:43:958 [HTTP] 
2023-05-01 13:38:43:963 [HTTP] --> GET /session/11b4eb75-7c2e-4f20-8231-88dc1a8023b1/context
2023-05-01 13:38:43:963 [HTTP] {}
2023-05-01 13:38:43:964 [XCUITestDriver@e9d5 (11b4eb75)] Calling AppiumDriver.getCurrentContext() with args: ["11b4eb75-7c2e-4f20-8231-88dc1a8023b1"]
2023-05-01 13:38:43:964 [XCUITestDriver@e9d5 (11b4eb75)] Executing command 'getCurrentContext'
2023-05-01 13:38:43:965 [XCUITestDriver@e9d5 (11b4eb75)] Responding to client with driver.getCurrentContext() result: "NATIVE_APP"
2023-05-01 13:38:43:968 [HTTP] <-- GET /session/11b4eb75-7c2e-4f20-8231-88dc1a8023b1/context 200 4 ms - 22
2023-05-01 13:38:43:968 [HTTP] 
2023-05-01 13:38:43:974 [HTTP] --> POST /session/11b4eb75-7c2e-4f20-8231-88dc1a8023b1/element
2023-05-01 13:38:43:974 [HTTP] {"using":"accessibility id","value":"test-Username"}
2023-05-01 13:38:43:975 [XCUITestDriver@e9d5 (11b4eb75)] Calling AppiumDriver.findElement() with args: ["accessibility id","test-Username","11b4eb75-7c2e-4f20-8231-88dc1a8023b1"]
2023-05-01 13:38:43:975 [XCUITestDriver@e9d5 (11b4eb75)] Executing command 'findElement'
2023-05-01 13:38:43:976 [XCUITestDriver@e9d5 (11b4eb75)] Valid locator strategies for this request: xpath, id, name, class name, -ios predicate string, -ios class chain, accessibility id, css selector
2023-05-01 13:38:43:976 [XCUITestDriver@e9d5 (11b4eb75)] Waiting up to 0 ms for condition
2023-05-01 13:38:43:976 [XCUITestDriver@e9d5 (11b4eb75)] Matched '/element' to command name 'findElement'
2023-05-01 13:38:43:977 [XCUITestDriver@e9d5 (11b4eb75)] Proxying [POST /element] to [POST http://127.0.0.1:10002/session/411EDCDE-CB44-4EC0-BD9D-A883C7F745E5/element] with body: {"using":"accessibility id","value":"test-Username"}
2023-05-01 13:38:44:157 [XCUITestDriver@e9d5 (11b4eb75)] Got response with status 200: {"value":{"ELEMENT":"47000000-0000-0000-B18E-000000000000","element-6066-11e4-a52e-4f735466cecf":"47000000-0000-0000-B18E-000000000000"},"sessionId":"411EDCDE-CB44-4EC0-BD9D-A883C7F745E5"}
2023-05-01 13:38:44:159 [XCUITestDriver@e9d5 (11b4eb75)] Responding to client with driver.findElement() result: {"element-6066-11e4-a52e-4f735466cecf":"47000000-0000-0000-B18E-000000000000","ELEMENT":"47000000-0000-0000-B18E-000000000000"}
2023-05-01 13:38:44:162 [HTTP] <-- POST /session/11b4eb75-7c2e-4f20-8231-88dc1a8023b1/element 200 186 ms - 137
2023-05-01 13:38:44:162 [HTTP] 
2023-05-01 13:38:44:169 [HTTP] --> POST /session/11b4eb75-7c2e-4f20-8231-88dc1a8023b1/element/47000000-0000-0000-B18E-000000000000/clear
2023-05-01 13:38:44:169 [HTTP] {"id":"47000000-0000-0000-B18E-000000000000"}
2023-05-01 13:38:44:170 [XCUITestDriver@e9d5 (11b4eb75)] Calling AppiumDriver.clear() with args: ["47000000-0000-0000-B18E-000000000000","11b4eb75-7c2e-4f20-8231-88dc1a8023b1"]
2023-05-01 13:38:44:170 [XCUITestDriver@e9d5 (11b4eb75)] Executing command 'clear'
2023-05-01 13:38:44:172 [XCUITestDriver@e9d5 (11b4eb75)] Matched '/element/47000000-0000-0000-B18E-000000000000/clear' to command name 'clear'
2023-05-01 13:38:44:173 [XCUITestDriver@e9d5 (11b4eb75)] Proxying [POST /element/47000000-0000-0000-B18E-000000000000/clear] to [POST http://127.0.0.1:10002/session/411EDCDE-CB44-4EC0-BD9D-A883C7F745E5/element/47000000-0000-0000-B18E-000000000000/clear] with no body
2023-05-01 13:38:45:709 [XCUITestDriver@e9d5 (11b4eb75)] Got response with status 200: {"value":null,"sessionId":"411EDCDE-CB44-4EC0-BD9D-A883C7F745E5"}
2023-05-01 13:38:45:712 [XCUITestDriver@e9d5 (11b4eb75)] Responding to client with driver.clear() result: null
2023-05-01 13:38:45:719 [HTTP] <-- POST /session/11b4eb75-7c2e-4f20-8231-88dc1a8023b1/element/47000000-0000-0000-B18E-000000000000/clear 200 1546 ms - 14
2023-05-01 13:38:45:720 [HTTP] 
2023-05-01 13:38:45:732 [HTTP] --> GET /session/11b4eb75-7c2e-4f20-8231-88dc1a8023b1/context
2023-05-01 13:38:45:732 [HTTP] {}
2023-05-01 13:38:45:733 [XCUITestDriver@e9d5 (11b4eb75)] Calling AppiumDriver.getCurrentContext() with args: ["11b4eb75-7c2e-4f20-8231-88dc1a8023b1"]
2023-05-01 13:38:45:733 [XCUITestDriver@e9d5 (11b4eb75)] Executing command 'getCurrentContext'
2023-05-01 13:38:45:738 [XCUITestDriver@e9d5 (11b4eb75)] Responding to client with driver.getCurrentContext() result: "NATIVE_APP"
2023-05-01 13:38:45:745 [HTTP] <-- GET /session/11b4eb75-7c2e-4f20-8231-88dc1a8023b1/context 200 10 ms - 22
2023-05-01 13:38:45:746 [HTTP] 
2023-05-01 13:38:45:756 [HTTP] --> POST /session/11b4eb75-7c2e-4f20-8231-88dc1a8023b1/element
2023-05-01 13:38:45:756 [HTTP] {"using":"accessibility id","value":"test-Username"}
2023-05-01 13:38:45:759 [XCUITestDriver@e9d5 (11b4eb75)] Calling AppiumDriver.findElement() with args: ["accessibility id","test-Username","11b4eb75-7c2e-4f20-8231-88dc1a8023b1"]
2023-05-01 13:38:45:760 [XCUITestDriver@e9d5 (11b4eb75)] Executing command 'findElement'
2023-05-01 13:38:45:764 [XCUITestDriver@e9d5 (11b4eb75)] Valid locator strategies for this request: xpath, id, name, class name, -ios predicate string, -ios class chain, accessibility id, css selector
2023-05-01 13:38:45:764 [XCUITestDriver@e9d5 (11b4eb75)] Waiting up to 0 ms for condition
2023-05-01 13:38:45:767 [XCUITestDriver@e9d5 (11b4eb75)] Matched '/element' to command name 'findElement'
2023-05-01 13:38:45:769 [XCUITestDriver@e9d5 (11b4eb75)] Proxying [POST /element] to [POST http://127.0.0.1:10002/session/411EDCDE-CB44-4EC0-BD9D-A883C7F745E5/element] with body: {"using":"accessibility id","value":"test-Username"}
2023-05-01 13:38:45:970 [ffmpeg] ffmpeg version 5.1.2 Copyright (c) 2000-2022 the FFmpeg developers
2023-05-01 13:38:45:971 [ffmpeg]   built with Apple clang version 14.0.0 (clang-1400.0.29.202)
2023-05-01 13:38:45:971 [ffmpeg]   configuration: --prefix=/usr/local/Cellar/ffmpeg/5.1.2_6 --enable-shared --enable-pthreads --enable-version3 --cc=clang --host-cflags= --host-ldflags= --enable-ffplay --enable-gnutls --enable-gpl --enable-libaom --enable-libaribb24 --enable-libbluray --enable-libdav1d --enable-libmp3lame --enable-libopus --enable-librav1e --enable-librist --enable-librubberband --enable-libsnappy --enable-libsrt --enable-libsvtav1 --enable-libtesseract --enable-libtheora --enable-libvidstab --enable-libvmaf --enable-libvorbis --enable-libvpx --enable-libwebp --enable-libx264 --enable-libx265 --enable-libxml2 --enable-libxvid --enable-lzma --enable-libfontconfig --enable-libfreetype --enable-frei0r --enable-libass --enable-libopencore-amrnb --enable-libopencore-amrwb --enable-libopenjpeg --enable-libspeex --enable-libsoxr --enable-libzmq --enable-libzimg --disable-libjack --disable-indev=jack --enable-videotoolbox
2023-05-01 13:38:45:971 [ffmpeg] 
2023-05-01 13:38:45:975 [ffmpeg]   libavutil      57. 28.100 / 57. 28.100
2023-05-01 13:38:45:975 [ffmpeg]   libavcodec     59. 37.100 / 59. 37.100
2023-05-01 13:38:45:976 [ffmpeg]   libavformat    59. 27.100 / 59. 27.100
2023-05-01 13:38:45:976 [ffmpeg]   libavdevice    59.  7.100 / 59.  7.100
2023-05-01 13:38:45:976 [ffmpeg]   libavfilter     8. 44.100 /  8. 44.100
2023-05-01 13:38:45:976 [ffmpeg]   libswscale      6.  7.100 /  6.  7.100
2023-05-01 13:38:45:976 [ffmpeg]   libswresample   4.  7.100 /  4.  7.100
2023-05-01 13:38:45:976 [ffmpeg]   libpostproc    56.  6.100 / 56.  6.100
2023-05-01 13:38:45:977 [ffmpeg] 
2023-05-01 13:38:46:128 [XCUITestDriver@e9d5 (11b4eb75)] Got response with status 200: {"value":{"ELEMENT":"47000000-0000-0000-B18E-000000000000","element-6066-11e4-a52e-4f735466cecf":"47000000-0000-0000-B18E-000000000000"},"sessionId":"411EDCDE-CB44-4EC0-BD9D-A883C7F745E5"}
2023-05-01 13:38:46:133 [XCUITestDriver@e9d5 (11b4eb75)] Responding to client with driver.findElement() result: {"element-6066-11e4-a52e-4f735466cecf":"47000000-0000-0000-B18E-000000000000","ELEMENT":"47000000-0000-0000-B18E-000000000000"}
2023-05-01 13:38:46:141 [HTTP] <-- POST /session/11b4eb75-7c2e-4f20-8231-88dc1a8023b1/element 200 381 ms - 137
2023-05-01 13:38:46:141 [HTTP] 
2023-05-01 13:38:46:151 [HTTP] --> GET /session/11b4eb75-7c2e-4f20-8231-88dc1a8023b1/element/47000000-0000-0000-B18E-000000000000/displayed
2023-05-01 13:38:46:152 [HTTP] {}
2023-05-01 13:38:46:155 [XCUITestDriver@e9d5 (11b4eb75)] Driver proxy active, passing request on via HTTP proxy
2023-05-01 13:38:46:156 [XCUITestDriver@e9d5 (11b4eb75)] Executing command 'proxyReqRes'
2023-05-01 13:38:46:158 [XCUITestDriver@e9d5 (11b4eb75)] Matched '/session/11b4eb75-7c2e-4f20-8231-88dc1a8023b1/element/47000000-0000-0000-B18E-000000000000/displayed' to command name 'elementDisplayed'
2023-05-01 13:38:46:159 [XCUITestDriver@e9d5 (11b4eb75)] Proxying [GET /session/11b4eb75-7c2e-4f20-8231-88dc1a8023b1/element/47000000-0000-0000-B18E-000000000000/displayed] to [GET http://127.0.0.1:10002/session/411EDCDE-CB44-4EC0-BD9D-A883C7F745E5/element/47000000-0000-0000-B18E-000000000000/displayed] with no body
2023-05-01 13:38:46:323 [ffmpeg] Input #0, mjpeg, from 'http://127.0.0.1:9100':
2023-05-01 13:38:46:323 [ffmpeg]   Duration: N/A, bitrate: N/A
2023-05-01 13:38:46:323 [ffmpeg] 
2023-05-01 13:38:46:324 [ffmpeg]   Stream #0:0: Video: mjpeg (Baseline), yuvj420p(pc, bt470bg/unknown/unknown), 1170x2532 [SAR 72:72 DAR 195:422], 25 tbr, 1200k tbn
2023-05-01 13:38:46:324 [ffmpeg] 
2023-05-01 13:38:46:325 [ffmpeg] Stream mapping:
2023-05-01 13:38:46:325 [ffmpeg] 
2023-05-01 13:38:46:325 [ffmpeg]   Stream #0:0 -> #0:0 (mjpeg (native) -> mjpeg (native))
2023-05-01 13:38:46:325 [ffmpeg] Press [q] to stop, [?] for help
2023-05-01 13:38:46:325 [ffmpeg] 
2023-05-01 13:38:46:353 [XCUITestDriver@e9d5 (11b4eb75)] Got response with status 200: {"value":true,"sessionId":"411EDCDE-CB44-4EC0-BD9D-A883C7F745E5"}
2023-05-01 13:38:46:355 [XCUITestDriver@e9d5 (11b4eb75)] Replacing sessionId 411EDCDE-CB44-4EC0-BD9D-A883C7F745E5 with 11b4eb75-7c2e-4f20-8231-88dc1a8023b1
2023-05-01 13:38:46:363 [HTTP] <-- GET /session/11b4eb75-7c2e-4f20-8231-88dc1a8023b1/element/47000000-0000-0000-B18E-000000000000/displayed 200 207 ms - 65
2023-05-01 13:38:46:364 [HTTP] 
2023-05-01 13:38:46:368 [ffmpeg] Output #0, mp4, to '/var/folders/5m/dpmm6c5d64jddlh2r5tn7_nh0000gp/T/202341-36413-150c8j8.7inj/appium_02b645.mp4':
2023-05-01 13:38:46:369 [ffmpeg]   Metadata:
2023-05-01 13:38:46:369 [ffmpeg]     encoder         : Lavf59.27.100
2023-05-01 13:38:46:369 [ffmpeg]   Stream #0:0: Video: mjpeg (mp4v / 0x7634706D), yuvj420p(pc, bt470bg/unknown/unknown, progressive), 1170x2532 [SAR 72:72 DAR 195:422], q=2-31, 200 kb/s, 25 fps, 12800 tbn
2023-05-01 13:38:46:369 [ffmpeg]     Metadata:
2023-05-01 13:38:46:369 [ffmpeg]       encoder         : Lavc59.37.100 mjpeg
2023-05-01 13:38:46:369 [ffmpeg]     Side data:
2023-05-01 13:38:46:369 [ffmpeg]       cpb: bitrate max/min/avg: 0/0/200000 buffer size: 0 vbv_delay: N/A
2023-05-01 13:38:46:369 [ffmpeg] 
2023-05-01 13:38:46:376 [HTTP] --> GET /session/11b4eb75-7c2e-4f20-8231-88dc1a8023b1/context
2023-05-01 13:38:46:376 [HTTP] {}
2023-05-01 13:38:46:378 [XCUITestDriver@e9d5 (11b4eb75)] Calling AppiumDriver.getCurrentContext() with args: ["11b4eb75-7c2e-4f20-8231-88dc1a8023b1"]
2023-05-01 13:38:46:379 [XCUITestDriver@e9d5 (11b4eb75)] Executing command 'getCurrentContext'
2023-05-01 13:38:46:382 [XCUITestDriver@e9d5 (11b4eb75)] Responding to client with driver.getCurrentContext() result: "NATIVE_APP"
2023-05-01 13:38:46:390 [HTTP] <-- GET /session/11b4eb75-7c2e-4f20-8231-88dc1a8023b1/context 200 10 ms - 22
2023-05-01 13:38:46:390 [HTTP] 
2023-05-01 13:38:46:400 [HTTP] --> POST /session/11b4eb75-7c2e-4f20-8231-88dc1a8023b1/element
2023-05-01 13:38:46:400 [HTTP] {"using":"accessibility id","value":"test-Username"}
2023-05-01 13:38:46:402 [XCUITestDriver@e9d5 (11b4eb75)] Calling AppiumDriver.findElement() with args: ["accessibility id","test-Username","11b4eb75-7c2e-4f20-8231-88dc1a8023b1"]
2023-05-01 13:38:46:402 [XCUITestDriver@e9d5 (11b4eb75)] Executing command 'findElement'
2023-05-01 13:38:46:406 [XCUITestDriver@e9d5 (11b4eb75)] Valid locator strategies for this request: xpath, id, name, class name, -ios predicate string, -ios class chain, accessibility id, css selector
2023-05-01 13:38:46:407 [XCUITestDriver@e9d5 (11b4eb75)] Waiting up to 0 ms for condition
2023-05-01 13:38:46:408 [XCUITestDriver@e9d5 (11b4eb75)] Matched '/element' to command name 'findElement'
2023-05-01 13:38:46:409 [XCUITestDriver@e9d5 (11b4eb75)] Proxying [POST /element] to [POST http://127.0.0.1:10002/session/411EDCDE-CB44-4EC0-BD9D-A883C7F745E5/element] with body: {"using":"accessibility id","value":"test-Username"}
2023-05-01 13:38:46:670 [XCUITestDriver@e9d5 (11b4eb75)] Got response with status 200: {"value":{"ELEMENT":"47000000-0000-0000-B18E-000000000000","element-6066-11e4-a52e-4f735466cecf":"47000000-0000-0000-B18E-000000000000"},"sessionId":"411EDCDE-CB44-4EC0-BD9D-A883C7F745E5"}
2023-05-01 13:38:46:673 [XCUITestDriver@e9d5 (11b4eb75)] Responding to client with driver.findElement() result: {"element-6066-11e4-a52e-4f735466cecf":"47000000-0000-0000-B18E-000000000000","ELEMENT":"47000000-0000-0000-B18E-000000000000"}
2023-05-01 13:38:46:676 [HTTP] <-- POST /session/11b4eb75-7c2e-4f20-8231-88dc1a8023b1/element 200 275 ms - 137
2023-05-01 13:38:46:677 [HTTP] 
2023-05-01 13:38:46:688 [HTTP] --> POST /session/11b4eb75-7c2e-4f20-8231-88dc1a8023b1/element/47000000-0000-0000-B18E-000000000000/value
2023-05-01 13:38:46:688 [HTTP] {"id":"47000000-0000-0000-B18E-000000000000","text":"standard_user","value":["s","t","a","n","d","a","r","d","_","u","s","e","r"]}
2023-05-01 13:38:46:689 [XCUITestDriver@e9d5 (11b4eb75)] Calling AppiumDriver.setValue() with args: [["s","t","a","n","d","a","r","d","_","u","s","e","r"],"47000000-0000-0000-B18E-000000000000","11b4eb75-7c2e-4f20-8231-88dc1a8023b1"]
2023-05-01 13:38:46:690 [XCUITestDriver@e9d5 (11b4eb75)] Executing command 'setValue'
2023-05-01 13:38:46:691 [XCUITestDriver@e9d5 (11b4eb75)] Matched '/element/47000000-0000-0000-B18E-000000000000/value' to command name 'setValue'
2023-05-01 13:38:46:692 [XCUITestDriver@e9d5 (11b4eb75)] Added 'text' property "standard_user" to 'setValue' request body
2023-05-01 13:38:46:692 [XCUITestDriver@e9d5 (11b4eb75)] Proxying [POST /element/47000000-0000-0000-B18E-000000000000/value] to [POST http://127.0.0.1:10002/session/411EDCDE-CB44-4EC0-BD9D-A883C7F745E5/element/47000000-0000-0000-B18E-000000000000/value] with body: {"value":["s","t","a","n","d","a","r","d","_","u","s","e","r"],"text":"standard_user"}
2023-05-01 13:38:47:325 [XCUITestDriver@e9d5 (11b4eb75)] Got response with status 200: {"value":null,"sessionId":"411EDCDE-CB44-4EC0-BD9D-A883C7F745E5"}
2023-05-01 13:38:47:325 [XCUITestDriver@e9d5 (11b4eb75)] Responding to client with driver.setValue() result: null
2023-05-01 13:38:47:327 [HTTP] <-- POST /session/11b4eb75-7c2e-4f20-8231-88dc1a8023b1/element/47000000-0000-0000-B18E-000000000000/value 200 638 ms - 14
2023-05-01 13:38:47:327 [HTTP] 
2023-05-01 13:38:47:330 [HTTP] --> GET /session/11b4eb75-7c2e-4f20-8231-88dc1a8023b1/context
2023-05-01 13:38:47:330 [HTTP] {}
2023-05-01 13:38:47:330 [XCUITestDriver@e9d5 (11b4eb75)] Calling AppiumDriver.getCurrentContext() with args: ["11b4eb75-7c2e-4f20-8231-88dc1a8023b1"]
2023-05-01 13:38:47:331 [XCUITestDriver@e9d5 (11b4eb75)] Executing command 'getCurrentContext'
2023-05-01 13:38:47:331 [XCUITestDriver@e9d5 (11b4eb75)] Responding to client with driver.getCurrentContext() result: "NATIVE_APP"
2023-05-01 13:38:47:333 [HTTP] <-- GET /session/11b4eb75-7c2e-4f20-8231-88dc1a8023b1/context 200 2 ms - 22
2023-05-01 13:38:47:333 [HTTP] 
2023-05-01 13:38:47:338 [HTTP] --> POST /session/11b4eb75-7c2e-4f20-8231-88dc1a8023b1/element
2023-05-01 13:38:47:338 [HTTP] {"using":"accessibility id","value":"test-Password"}
2023-05-01 13:38:47:338 [XCUITestDriver@e9d5 (11b4eb75)] Calling AppiumDriver.findElement() with args: ["accessibility id","test-Password","11b4eb75-7c2e-4f20-8231-88dc1a8023b1"]
2023-05-01 13:38:47:338 [XCUITestDriver@e9d5 (11b4eb75)] Executing command 'findElement'
2023-05-01 13:38:47:339 [XCUITestDriver@e9d5 (11b4eb75)] Valid locator strategies for this request: xpath, id, name, class name, -ios predicate string, -ios class chain, accessibility id, css selector
2023-05-01 13:38:47:339 [XCUITestDriver@e9d5 (11b4eb75)] Waiting up to 0 ms for condition
2023-05-01 13:38:47:339 [XCUITestDriver@e9d5 (11b4eb75)] Matched '/element' to command name 'findElement'
2023-05-01 13:38:47:340 [XCUITestDriver@e9d5 (11b4eb75)] Proxying [POST /element] to [POST http://127.0.0.1:10002/session/411EDCDE-CB44-4EC0-BD9D-A883C7F745E5/element] with body: {"using":"accessibility id","value":"test-Password"}
2023-05-01 13:38:47:563 [XCUITestDriver@e9d5 (11b4eb75)] Got response with status 200: {"value":{"ELEMENT":"48000000-0000-0000-B18E-000000000000","element-6066-11e4-a52e-4f735466cecf":"48000000-0000-0000-B18E-000000000000"},"sessionId":"411EDCDE-CB44-4EC0-BD9D-A883C7F745E5"}
2023-05-01 13:38:47:564 [XCUITestDriver@e9d5 (11b4eb75)] Responding to client with driver.findElement() result: {"element-6066-11e4-a52e-4f735466cecf":"48000000-0000-0000-B18E-000000000000","ELEMENT":"48000000-0000-0000-B18E-000000000000"}
2023-05-01 13:38:47:566 [HTTP] <-- POST /session/11b4eb75-7c2e-4f20-8231-88dc1a8023b1/element 200 228 ms - 137
2023-05-01 13:38:47:566 [HTTP] 
2023-05-01 13:38:47:571 [HTTP] --> GET /session/11b4eb75-7c2e-4f20-8231-88dc1a8023b1/element/48000000-0000-0000-B18E-000000000000/displayed
2023-05-01 13:38:47:571 [HTTP] {}
2023-05-01 13:38:47:571 [XCUITestDriver@e9d5 (11b4eb75)] Driver proxy active, passing request on via HTTP proxy
2023-05-01 13:38:47:572 [XCUITestDriver@e9d5 (11b4eb75)] Executing command 'proxyReqRes'
2023-05-01 13:38:47:573 [XCUITestDriver@e9d5 (11b4eb75)] Matched '/session/11b4eb75-7c2e-4f20-8231-88dc1a8023b1/element/48000000-0000-0000-B18E-000000000000/displayed' to command name 'elementDisplayed'
2023-05-01 13:38:47:573 [XCUITestDriver@e9d5 (11b4eb75)] Proxying [GET /session/11b4eb75-7c2e-4f20-8231-88dc1a8023b1/element/48000000-0000-0000-B18E-000000000000/displayed] to [GET http://127.0.0.1:10002/session/411EDCDE-CB44-4EC0-BD9D-A883C7F745E5/element/48000000-0000-0000-B18E-000000000000/displayed] with no body
2023-05-01 13:38:47:694 [XCUITestDriver@e9d5 (11b4eb75)] Got response with status 200: {"value":true,"sessionId":"411EDCDE-CB44-4EC0-BD9D-A883C7F745E5"}
2023-05-01 13:38:47:694 [XCUITestDriver@e9d5 (11b4eb75)] Replacing sessionId 411EDCDE-CB44-4EC0-BD9D-A883C7F745E5 with 11b4eb75-7c2e-4f20-8231-88dc1a8023b1
2023-05-01 13:38:47:696 [HTTP] <-- GET /session/11b4eb75-7c2e-4f20-8231-88dc1a8023b1/element/48000000-0000-0000-B18E-000000000000/displayed 200 124 ms - 65
2023-05-01 13:38:47:696 [HTTP] 
2023-05-01 13:38:47:702 [HTTP] --> GET /session/11b4eb75-7c2e-4f20-8231-88dc1a8023b1/context
2023-05-01 13:38:47:702 [HTTP] {}
2023-05-01 13:38:47:703 [XCUITestDriver@e9d5 (11b4eb75)] Calling AppiumDriver.getCurrentContext() with args: ["11b4eb75-7c2e-4f20-8231-88dc1a8023b1"]
2023-05-01 13:38:47:703 [XCUITestDriver@e9d5 (11b4eb75)] Executing command 'getCurrentContext'
2023-05-01 13:38:47:704 [XCUITestDriver@e9d5 (11b4eb75)] Responding to client with driver.getCurrentContext() result: "NATIVE_APP"
2023-05-01 13:38:47:705 [HTTP] <-- GET /session/11b4eb75-7c2e-4f20-8231-88dc1a8023b1/context 200 2 ms - 22
2023-05-01 13:38:47:705 [HTTP] 
2023-05-01 13:38:47:711 [HTTP] --> POST /session/11b4eb75-7c2e-4f20-8231-88dc1a8023b1/element
2023-05-01 13:38:47:711 [HTTP] {"using":"accessibility id","value":"test-Password"}
2023-05-01 13:38:47:712 [XCUITestDriver@e9d5 (11b4eb75)] Calling AppiumDriver.findElement() with args: ["accessibility id","test-Password","11b4eb75-7c2e-4f20-8231-88dc1a8023b1"]
2023-05-01 13:38:47:712 [XCUITestDriver@e9d5 (11b4eb75)] Executing command 'findElement'
2023-05-01 13:38:47:713 [XCUITestDriver@e9d5 (11b4eb75)] Valid locator strategies for this request: xpath, id, name, class name, -ios predicate string, -ios class chain, accessibility id, css selector
2023-05-01 13:38:47:713 [XCUITestDriver@e9d5 (11b4eb75)] Waiting up to 0 ms for condition
2023-05-01 13:38:47:715 [XCUITestDriver@e9d5 (11b4eb75)] Matched '/element' to command name 'findElement'
2023-05-01 13:38:47:716 [XCUITestDriver@e9d5 (11b4eb75)] Proxying [POST /element] to [POST http://127.0.0.1:10002/session/411EDCDE-CB44-4EC0-BD9D-A883C7F745E5/element] with body: {"using":"accessibility id","value":"test-Password"}
2023-05-01 13:38:48:053 [XCUITestDriver@e9d5 (11b4eb75)] Got response with status 200: {"value":{"ELEMENT":"48000000-0000-0000-B18E-000000000000","element-6066-11e4-a52e-4f735466cecf":"48000000-0000-0000-B18E-000000000000"},"sessionId":"411EDCDE-CB44-4EC0-BD9D-A883C7F745E5"}
2023-05-01 13:38:48:055 [XCUITestDriver@e9d5 (11b4eb75)] Responding to client with driver.findElement() result: {"element-6066-11e4-a52e-4f735466cecf":"48000000-0000-0000-B18E-000000000000","ELEMENT":"48000000-0000-0000-B18E-000000000000"}
2023-05-01 13:38:48:058 [HTTP] <-- POST /session/11b4eb75-7c2e-4f20-8231-88dc1a8023b1/element 200 345 ms - 137
2023-05-01 13:38:48:058 [HTTP] 
2023-05-01 13:38:48:067 [HTTP] --> POST /session/11b4eb75-7c2e-4f20-8231-88dc1a8023b1/element/48000000-0000-0000-B18E-000000000000/clear
